通过：getBrowser("chrome")
通过：getMaximizedBrowser()
通过：getUrl("https://www.ctrip.com")
<成功>用例：“登录携程网站”共有步骤：“3”，执行成功步骤：“3”
通过：getClick("css","#c_ph_hp")
通过：getSleep(1)
通过：getClick("css","li[styletag='flight']")
通过：getClick("css","input[mm='D']")
通过：getSleep(1)
通过：getClear("css","#FD_StartCity")
通过：getSendKeys("css","#FD_StartCity","北京")
通过：getSleep(1)
通过：getClear("css","#FD_DestCity")
通过：getSendKeys("css","#FD_DestCity","三亚")
通过：getSleep(1)
通过：getClear("css","#FD_StartDate")
通过：getSendKeys("css","#FD_StartDate","2019-07-27")
通过：getSleep(1)
通过：getClear("css","#FD_ReturnDate")
通过：getSendKeys("css","#FD_ReturnDate","2019-07-30")
通过：getClick("css","#FD_HasChild")
通过：getClick("css","#FD_HasBaby")
通过：getClick("css","#FD_StartSearch")
通过：getAssertElementInTitle("北京到三亚往返机票预订")
<成功>用例：“机票查询数据”共有步骤：“20”，执行成功步骤：“20”
通过：getClick("css","#c_ph_hp")
通过：getSleep(1)
通过：getClick("css","li[styletag='flight']")
通过：getClick("css","input[mm='D']")
通过：getSleep(1)
通过：getClear("css","#FD_StartCity")
通过：getSendKeys("css","#FD_StartCity","上海")
通过：getSleep(1)
通过：getClear("css","#FD_DestCity")
通过：getSendKeys("css","#FD_DestCity","广州")
通过：getSleep(1)
通过：getClear("css","#FD_StartDate")
通过：getSendKeys("css","#FD_StartDate","2019-07-27")
通过：getSleep(1)
通过：getClear("css","#FD_ReturnDate")
通过：getSendKeys("css","#FD_ReturnDate","2019-07-30")
通过：getClick("css","#FD_HasChild")
通过：getClick("css","#FD_HasBaby")
通过：getClick("css","#FD_StartSearch")
通过：getAssertElementInTitle("上海到广州往返机票预订")
<成功>用例：“机票查询数据”共有步骤：“20”，执行成功步骤：“20”
<成功>用例：“机票查询数据”共有用例：“2”，执行成功：“2”
通过：getClick("css","#c_ph_hp")
通过：getSleep(1)
通过：getClick("css","li[styletag='hotel']")
通过：getSleep(1)
通过：getClear("css","#HD_CityName")
通过：getSendKeys("css","#HD_CityName","三亚")
通过：getSleep(1)
通过：getClear("css","#HD_CheckIn")
通过：getSendKeys("css","#HD_CheckIn","2019-07-29")
通过：getSleep(1)
通过：getClear("css","#HD_CheckOut")
通过：getSendKeys("css","#HD_CheckOut","2019-07-30")
通过：getSleep(1)
通过：getPressEnterKey()
通过：getSleep(1)
通过：getAssertElementInTitle("三亚酒店")
<成功>用例：“酒店查询数据”共有步骤：“16”，执行成功步骤：“16”
通过：getClick("css","#c_ph_hp")
通过：getSleep(1)
通过：getClick("css","li[styletag='hotel']")
通过：getSleep(1)
通过：getClear("css","#HD_CityName")
通过：getSendKeys("css","#HD_CityName","拉萨")
通过：getSleep(1)
通过：getClear("css","#HD_CheckIn")
通过：getSendKeys("css","#HD_CheckIn","2019-07-29")
通过：getSleep(1)
通过：getClear("css","#HD_CheckOut")
通过：getSendKeys("css","#HD_CheckOut","2019-07-30")
通过：getSleep(1)
通过：getPressEnterKey()
通过：getSleep(1)
通过：getAssertElementInTitle("拉萨酒店")
<成功>用例：“酒店查询数据”共有步骤：“16”，执行成功步骤：“16”
<成功>用例：“酒店查询数据”共有用例：“2”，执行成功：“2”
